Server start
Server listen at 1573
Server start
Server listen at 1573
Server running at localhost: 1433
**Tue Apr 15 2014 10:00:03 GMT+0800 (CST) 准备发送邮件 **
发送标题: 首页-新开服-游戏区服重复
邮件已经发送: 250 2.0.0 OK 1397527209 vx10sm87926605pac.17 - gsmtp
**Tue Apr 15 2014 11:00:03 GMT+0800 (CST) 准备发送邮件 **
发送标题: 首页-新开服-游戏区服重复
邮件已经发送: 250 2.0.0 OK 1397530811 kc9sm36902846pbc.25 - gsmtp
**Tue Apr 15 2014 12:00:05 GMT+0800 (CST) 准备发送邮件 **
发送标题: 首页-新开服-游戏区服重复
邮件已经发送: 250 2.0.0 OK 1397534412 ba5sm37106379pbc.61 - gsmtp
**Wed Apr 16 2014 10:00:02 GMT+0800 (CST) 准备发送邮件 **
发送标题: 首页-新开服-游戏区服重复
邮件已经发送: 250 2.0.0 OK 1397613609 y4sm43216300pbk.76 - gsmtp
**Wed Apr 16 2014 11:00:02 GMT+0800 (CST) 准备发送邮件 **
发送标题: 首页-新开服-游戏区服重复
邮件已经发送: 250 2.0.0 OK 1397617214 db3sm43521859pbb.10 - gsmtp
**Wed Apr 16 2014 12:00:02 GMT+0800 (CST) 准备发送邮件 **
发送标题: 首页-新开服-游戏区服重复
邮件已经发送: 250 2.0.0 OK 1397620808 rk15sm104387316pab.37 - gsmtp
Server start
Server listen at 1573
Server running at localhost: 1433
Processing with action => getAll
**Sat May 03 2014 10:00:03 GMT+0800 (CST) 准备发送邮件 **
发送标题: 首页-新开服-游戏区服重复
邮件已经发送: 250 2.0.0 OK 1399082411 xo9sm5464789pab.18 - gsmtp
**Sat May 03 2014 11:00:03 GMT+0800 (CST) 准备发送邮件 **
发送标题: 首页-新开服-游戏区服重复
邮件已经发送: 250 2.0.0 OK 1399086009 sy1sm6442911pab.30 - gsmtp
Processing with action => getAll
**Sat May 03 2014 12:00:03 GMT+0800 (CST) 准备发送邮件 **
发送标题: 首页-新开服-游戏区服重复
邮件已经发送: 250 2.0.0 OK 1399089610 yo9sm7612095pab.16 - gsmtp
